d:\programming languages\c and c++\projects\minigame_midtern2018\minigame_midtern2018\debug\minigame_midtern2018.pch
d:\programming languages\c and c++\projects\minigame_midtern2018\minigame_midtern2018\debug\vc141.pdb
d:\programming languages\c and c++\projects\minigame_midtern2018\minigame_midtern2018\debug\vc141.idb
d:\programming languages\c and c++\projects\minigame_midtern2018\minigame_midtern2018\debug\stdafx.obj
d:\programming languages\c and c++\projects\minigame_midtern2018\minigame_midtern2018\debug\minigame_midtern2018.obj
d:\programming languages\c and c++\projects\minigame_midtern2018\debug\minigame_midtern2018.exe
d:\programming languages\c and c++\projects\minigame_midtern2018\debug\minigame_midtern2018.ilk
d:\programming languages\c and c++\projects\minigame_midtern2018\debug\minigame_midtern2018.pdb
d:\programming languages\c and c++\projects\minigame_midtern2018\minigame_midtern2018\debug\minigame_midtern2018.res
d:\programming languages\c and c++\projects\minigame_midtern2018\minigame_midtern2018\debug\minigame_midtern2018.exe.embed.manifest.res
d:\programming languages\c and c++\projects\minigame_midtern2018\minigame_midtern2018\debug\minigame_midtern2018.exe.embed.manifest
d:\programming languages\c and c++\projects\minigame_midtern2018\minigame_midtern2018\debug\minigame_midtern2018_manifest.rc
d:\programming languages\c and c++\projects\minigame_midtern2018\minigame_midtern2018\debug\minigame.44b7ad56.tlog\cl.command.1.tlog
d:\programming languages\c and c++\projects\minigame_midtern2018\minigame_midtern2018\debug\minigame.44b7ad56.tlog\cl.read.1.tlog
d:\programming languages\c and c++\projects\minigame_midtern2018\minigame_midtern2018\debug\minigame.44b7ad56.tlog\cl.write.1.tlog
d:\programming languages\c and c++\projects\minigame_midtern2018\minigame_midtern2018\debug\minigame.44b7ad56.tlog\link.command.1.tlog
d:\programming languages\c and c++\projects\minigame_midtern2018\minigame_midtern2018\debug\minigame.44b7ad56.tlog\link.read.1.tlog
d:\programming languages\c and c++\projects\minigame_midtern2018\minigame_midtern2018\debug\minigame.44b7ad56.tlog\link.write.1.tlog
d:\programming languages\c and c++\projects\minigame_midtern2018\minigame_midtern2018\debug\minigame.44b7ad56.tlog\rc.command.1.tlog
d:\programming languages\c and c++\projects\minigame_midtern2018\minigame_midtern2018\debug\minigame.44b7ad56.tlog\rc.read.1.tlog
d:\programming languages\c and c++\projects\minigame_midtern2018\minigame_midtern2018\debug\minigame.44b7ad56.tlog\rc.write.1.tlog
